<?xml version="1.0" encoding="UTF-8"?>
<testng-results ignored="0" total="1" passed="1" failed="0" skipped="0">
  <reporter-output>
  </reporter-output>
  <suite started-at="2023-10-04T19:22:20 IST" name="Default suite" finished-at="2023-10-04T19:22:41 IST" duration-ms="20269">
    <groups>
    </groups>
    <test started-at="2023-10-04T19:22:20 IST" name="Default test" finished-at="2023-10-04T19:22:41 IST" duration-ms="20269">
      <class name="FlipKartT.FlipKT">
        <test-method is-config="true" signature="setUp()[pri:0, instance:FlipKartT.FlipKT@15888343]" started-at="2023-10-04T19:22:21 IST" name="setUp" finished-at="2023-10-04T19:22:26 IST" duration-ms="5909" status="PASS">
          <reporter-output>
          </reporter-output>
        </test-method> <!-- setUp -->
        <test-method signature="searchAndAddToCart()[pri:0, instance:FlipKartT.FlipKT@15888343]" started-at="2023-10-04T19:22:26 IST" name="searchAndAddToCart" finished-at="2023-10-04T19:22:39 IST" duration-ms="12922" status="PASS">
          <reporter-output>
          </reporter-output>
        </test-method> <!-- searchAndAddToCart -->
        <test-method is-config="true" signature="tearDown()[pri:0, instance:FlipKartT.FlipKT@15888343]" started-at="2023-10-04T19:22:39 IST" name="tearDown" finished-at="2023-10-04T19:22:41 IST" duration-ms="1377" status="PASS">
          <reporter-output>
          </reporter-output>
        </test-method> <!-- tearDown -->
      </class> <!-- FlipKartT.FlipKT -->
    </test> <!-- Default test -->
  </suite> <!-- Default suite -->
</testng-results>
